<?xml version="1.0" encoding="UTF-8"?>
<robot generator="Robot 7.1.1 (Python 3.9.13 on win32)" generated="2024-11-11T13:08:55.147334" rpa="false" schemaversion="5">
<suite id="s1" name="01 Check PDU" source="C:\Workspace\robot_practice\pythonProject\robot\TestSuite\01_Check_PDU.robot">
<test id="s1-t1" name="01_get_PDU_status" line="7">
<kw name="Log" owner="BuiltIn" type="SETUP">
<msg time="2024-11-11T13:08:55.210284" level="TRACE">Arguments: [ 'C:\\Workspace\\robot_practice\\pythonProject' ]</msg>
<msg time="2024-11-11T13:08:55.210284" level="INFO">C:\Workspace\robot_practice\pythonProject</msg>
<msg time="2024-11-11T13:08:55.210284" level="TRACE">Return: None</msg>
<arg>${EXECDIR}</arg>
<doc>Logs the given message with the given level.</doc>
<status status="PASS" start="2024-11-11T13:08:55.210284" elapsed="0.000000"/>
</kw>
<kw name="TC_Get_Pdu_Status" owner="PDU">
<msg time="2024-11-11T13:08:55.210284" level="TRACE">Arguments: [  ]</msg>
<kw name="ITC_Get_Pdu_Status" owner="PDU">
<msg time="2024-11-11T13:08:55.210284" level="TRACE">Arguments: [  ]</msg>
<kw name="Get Pdu Status" owner="PDU">
<msg time="2024-11-11T13:08:55.210284" level="TRACE">Arguments: [  ]</msg>
<msg time="2024-11-11T13:08:55.210284" level="INFO">PDU ready</msg>
<msg time="2024-11-11T13:08:55.210284" level="TRACE">Return: None</msg>
<status status="PASS" start="2024-11-11T13:08:55.210284" elapsed="0.000000"/>
</kw>
<kw name="Log" owner="BuiltIn">
<msg time="2024-11-11T13:08:55.210284" level="TRACE">Arguments: [ '"PDU has been truned on"' ]</msg>
<msg time="2024-11-11T13:08:55.210284" level="INFO">"PDU has been truned on"</msg>
<msg time="2024-11-11T13:08:55.210284" level="TRACE">Return: None</msg>
<arg>"PDU has been truned on"</arg>
<doc>Logs the given message with the given level.</doc>
<status status="PASS" start="2024-11-11T13:08:55.210284" elapsed="0.000000"/>
</kw>
<msg time="2024-11-11T13:08:55.210284" level="TRACE">Return: None</msg>
<status status="PASS" start="2024-11-11T13:08:55.210284" elapsed="0.000000"/>
</kw>
<msg time="2024-11-11T13:08:55.210284" level="TRACE">Return: None</msg>
<status status="PASS" start="2024-11-11T13:08:55.210284" elapsed="0.000000"/>
</kw>
<status status="PASS" start="2024-11-11T13:08:55.210284" elapsed="0.000000"/>
</test>
<doc>"Get PDU status"</doc>
<status status="PASS" start="2024-11-11T13:08:55.147334" elapsed="0.062950"/>
</suite>
<statistics>
<total>
<stat pass="1" fail="0" skip="0">All Tests</stat>
</total>
<tag>
</tag>
<suite>
<stat pass="1" fail="0" skip="0" id="s1" name="01 Check PDU">01 Check PDU</stat>
</suite>
</statistics>
<errors>
<msg time="2024-11-11T13:08:55.194697" level="WARN">Imported library 'C:\Workspace\robot_practice\pythonProject\robot\Master.py' contains no keywords.</msg>
</errors>
</robot>
